<?xml version="1.0" encoding="UTF-8"?>
<!-- Generated by org.testng.reporters.JUnitReportReporter -->
<testsuite hostname="CDC2-D-4BP2N62" name="com.test.actionstest" tests="1" failures="0" timestamp="29 Mar 2019 09:27:06 GMT" time="24.601" errors="0">
  <testcase name="actions" time="24.601" classname="com.test.actionstest"/>
</testsuite> <!-- com.test.actionstest -->
