<?xml version="1.0" encoding="UTF-8"?>
<!-- Generated by org.testng.reporters.JUnitReportReporter -->
<testsuite hostname="CDC2-D-4BP2N62" name="com.test.Test2" tests="1" failures="0" timestamp="27 Mar 2019 09:22:12 GMT" time="12.061" errors="0">
  <testcase name="tetsbrowser" time="12.061" classname="com.test.Test2"/>
</testsuite> <!-- com.test.Test2 -->
