<?xml version="1.0" encoding="UTF-8"?>
<!-- Generated by org.testng.reporters.JUnitReportReporter -->
<testsuite hostname="CDC2-D-4BP2N62" name="com.test.banktest" tests="1" failures="0" timestamp="29 Mar 2019 04:42:59 GMT" time="22.850" errors="0">
  <testcase name="netbanking" time="22.850" classname="com.test.banktest"/>
</testsuite> <!-- com.test.banktest -->
