<?xml version="1.0" encoding="UTF-8"?>
<!-- Generated by org.testng.reporters.JUnitReportReporter -->
<testsuite hostname="CDC2-D-4BP2N62" name="com.test.Test1" tests="2" failures="0" timestamp="27 Mar 2019 06:39:19 GMT" time="0.033" errors="0">
  <testcase name="testserver" time="0.017" classname="com.test.Test1"/>
  <testcase name="testserver1" time="0.016" classname="com.test.Test1"/>
</testsuite> <!-- com.test.Test1 -->
